----------------------------------------------------------------
2010-04-03 06:18:17.968 GMT:
 Booting Derby version The Apache Software Foundation - Apache Derby - 10.2.1.6 - (452058): instance c013800d-0127-c251-df54-0000005b3670
on database directory E:\programming\quackbot\trunk\repository\version\db  

Database Class Loader started - derby.database.classpath=''
----------------------------------------------------------------
2010-04-03 06:18:20.343 GMT:
 Booting Derby version The Apache Software Foundation - Apache Derby - 10.2.1.6 - (452058): instance e03f4017-0127-c251-df54-0000005b3670
on database directory E:\programming\quackbot\trunk\repository\workspaces\default\db  

Database Class Loader started - derby.database.classpath=''
----------------------------------------------------------------
2010-04-03 06:18:41.843 GMT:
 Booting Derby version The Apache Software Foundation - Apache Derby - 10.2.1.6 - (452058): instance 80840021-0127-c251-df54-0000005b3670
on database directory E:\programming\quackbot\trunk\repository\workspaces\security\db  

Database Class Loader started - derby.database.classpath=''

2010-04-03 06:19:08.015 GMT:
Shutting down instance e03f4017-0127-c251-df54-0000005b3670
----------------------------------------------------------------

2010-04-03 06:19:08.171 GMT:
Shutting down instance 80840021-0127-c251-df54-0000005b3670
----------------------------------------------------------------

2010-04-03 06:19:08.281 GMT:
Shutting down instance c013800d-0127-c251-df54-0000005b3670
----------------------------------------------------------------
